Determining if the pthread_create exist failed with the following output:
Change Dir: /home/kobi/Desktop/LittleBrother/opencv/CMakeFiles/CMakeTmp

Run Build Command:"/usr/bin/make" "cmTC_c1777/fast"
make[1]: Entering directory '/home/kobi/Desktop/LittleBrother/opencv/CMakeFiles/CMakeTmp'
/usr/bin/make -f CMakeFiles/cmTC_c1777.dir/build.make CMakeFiles/cmTC_c1777.dir/build
make[2]: Entering directory '/home/kobi/Desktop/LittleBrother/opencv/CMakeFiles/CMakeTmp'
Building C object CMakeFiles/cmTC_c1777.dir/CheckSymbolExists.c.o
/usr/bin/cc    -o CMakeFiles/cmTC_c1777.dir/CheckSymbolExists.c.o   -c /home/kobi/Desktop/LittleBrother/opencv/CMakeFiles/CMakeTmp/CheckSymbolExists.c
Linking C executable cmTC_c1777
/usr/bin/cmake -E cmake_link_script CMakeFiles/cmTC_c1777.dir/link.txt --verbose=1
/usr/bin/cc      -rdynamic CMakeFiles/cmTC_c1777.dir/CheckSymbolExists.c.o  -o cmTC_c1777 
CMakeFiles/cmTC_c1777.dir/CheckSymbolExists.c.o: In function `main':
CheckSymbolExists.c:(.text+0x1b): undefined reference to `pthread_create'
collect2: error: ld returned 1 exit status
CMakeFiles/cmTC_c1777.dir/build.make:97: recipe for target 'cmTC_c1777' failed
make[2]: *** [cmTC_c1777] Error 1
make[2]: Leaving directory '/home/kobi/Desktop/LittleBrother/opencv/CMakeFiles/CMakeTmp'
Makefile:126: recipe for target 'cmTC_c1777/fast' failed
make[1]: *** [cmTC_c1777/fast] Error 2
make[1]: Leaving directory '/home/kobi/Desktop/LittleBrother/opencv/CMakeFiles/CMakeTmp'

File /home/kobi/Desktop/LittleBrother/opencv/CMakeFiles/CMakeTmp/CheckSymbolExists.c:
/* */
#include <pthread.h>

int main(int argc, char** argv)
{
  (void)argv;
#ifndef pthread_create
  return ((int*)(&pthread_create))[argc];
#else
  (void)argc;
  return 0;
#endif
}

Determining if the function pthread_create exists in the pthreads failed with the following output:
Change Dir: /home/kobi/Desktop/LittleBrother/opencv/CMakeFiles/CMakeTmp

Run Build Command:"/usr/bin/make" "cmTC_07cca/fast"
make[1]: Entering directory '/home/kobi/Desktop/LittleBrother/opencv/CMakeFiles/CMakeTmp'
/usr/bin/make -f CMakeFiles/cmTC_07cca.dir/build.make CMakeFiles/cmTC_07cca.dir/build
make[2]: Entering directory '/home/kobi/Desktop/LittleBrother/opencv/CMakeFiles/CMakeTmp'
Building C object CMakeFiles/cmTC_07cca.dir/CheckFunctionExists.c.o
/usr/bin/cc   -DCHECK_FUNCTION_EXISTS=pthread_create   -o CMakeFiles/cmTC_07cca.dir/CheckFunctionExists.c.o   -c /usr/share/cmake-3.10/Modules/CheckFunctionExists.c
Linking C executable cmTC_07cca
/usr/bin/cmake -E cmake_link_script CMakeFiles/cmTC_07cca.dir/link.txt --verbose=1
/usr/bin/cc  -DCHECK_FUNCTION_EXISTS=pthread_create    -rdynamic CMakeFiles/cmTC_07cca.dir/CheckFunctionExists.c.o  -o cmTC_07cca -lpthreads 
/usr/bin/ld: cannot find -lpthreads
collect2: error: ld returned 1 exit status
CMakeFiles/cmTC_07cca.dir/build.make:97: recipe for target 'cmTC_07cca' failed
make[2]: *** [cmTC_07cca] Error 1
make[2]: Leaving directory '/home/kobi/Desktop/LittleBrother/opencv/CMakeFiles/CMakeTmp'
Makefile:126: recipe for target 'cmTC_07cca/fast' failed
make[1]: *** [cmTC_07cca/fast] Error 2
make[1]: Leaving directory '/home/kobi/Desktop/LittleBrother/opencv/CMakeFiles/CMakeTmp'


